<?xml version="1.0" encoding="UTF-8"?>
<!-- Generated by org.testng.reporters.JUnitReportReporter -->
<testsuite skipped="0" hostname="DESKTOP-DPRTO6C" name="Sample.NewTest" tests="1" failures="0" timestamp="13 May 2018 22:14:49 GMT" time="13.389" errors="0">
  <testcase name="launchBrowser" time="13.389" classname="Sample.NewTest"/>
</testsuite> <!-- Sample.NewTest -->
