<?xml version="1.0" encoding="UTF-8"?>
<!-- Generated by org.testng.reporters.JUnitReportReporter -->
<testsuite skipped="0" hostname="DESKTOP-DPRTO6C" name="com.test.automation.testcases.ResetPasswordTest" tests="1" failures="0" timestamp="29 Jun 2018 22:13:08 GMT" time="19.059" errors="0">
  <testcase name="resetPasswordTest" time="19.059" classname="com.test.automation.testcases.ResetPasswordTest"/>
</testsuite> <!-- com.test.automation.testcases.ResetPasswordTest -->
