<?xml version="1.0" encoding="UTF-8"?>
<!-- Generated by org.testng.reporters.JUnitReportReporter -->
<testsuite skipped="0" hostname="DESKTOP-DPRTO6C" name="com.test.automation.testcases.ProductListTest" tests="1" failures="0" timestamp="30 Jun 2018 18:05:52 GMT" time="46.888" errors="0">
  <testcase name="GetItemListTest" time="46.888" classname="com.test.automation.testcases.ProductListTest"/>
</testsuite> <!-- com.test.automation.testcases.ProductListTest -->
